<?xml version="1.0" encoding="UTF-8"?>
<coverage generated="1670971673775" clover="3.2.0">
  <project timestamp="1670971673776" name="All files">
    <metrics statements="93" coveredstatements="92" conditionals="45" coveredconditionals="41" methods="30" coveredmethods="29" elements="168" coveredelements="162" complexity="0" loc="93" ncloc="93" packages="1" files="2" classes="2"/>
    <file name="Bucket.ts" path="/Users/lmckechnie/projects/FortuneBrandsProject/src/Bucket.ts">
      <metrics statements="9" coveredstatements="9" conditionals="3" coveredconditionals="3" methods="6" coveredmethods="6"/>
      <line num="4" count="1" type="stmt"/>
      <line num="6" count="144" type="stmt"/>
      <line num="7" count="144" type="stmt"/>
      <line num="8" count="144" type="stmt"/>
      <line num="12" count="10" type="stmt"/>
      <line num="16" count="107" type="cond" truecount="3" falsecount="0"/>
      <line num="21" count="24" type="stmt"/>
      <line num="26" count="56" type="stmt"/>
      <line num="31" count="60" type="stmt"/>
    </file>
    <file name="Move.ts" path="/Users/lmckechnie/projects/FortuneBrandsProject/src/Move.ts">
      <metrics statements="84" coveredstatements="83" conditionals="42" coveredconditionals="38" methods="24" coveredmethods="23"/>
      <line num="3" count="1" type="stmt"/>
      <line num="5" count="1" type="stmt"/>
      <line num="7" count="162" type="cond" truecount="0" falsecount="1"/>
      <line num="8" count="162" type="cond" truecount="0" falsecount="1"/>
      <line num="9" count="162" type="stmt"/>
      <line num="10" count="162" type="stmt"/>
      <line num="11" count="162" type="cond" truecount="0" falsecount="1"/>
      <line num="12" count="162" type="cond" truecount="1" falsecount="0"/>
      <line num="16" count="1" type="stmt"/>
      <line num="22" count="40" type="stmt"/>
      <line num="33" count="54" type="stmt"/>
      <line num="40" count="42" type="stmt"/>
      <line num="45" count="2" type="stmt"/>
      <line num="54" count="67" type="stmt"/>
      <line num="55" count="67" type="cond" truecount="1" falsecount="0"/>
      <line num="56" count="14" type="stmt"/>
      <line num="58" count="53" type="stmt"/>
      <line num="62" count="103" type="cond" truecount="2" falsecount="0"/>
      <line num="63" count="47" type="stmt"/>
      <line num="65" count="56" type="stmt"/>
      <line num="70" count="5" type="stmt"/>
      <line num="77" count="5" type="cond" truecount="1" falsecount="0"/>
      <line num="78" count="2" type="stmt"/>
      <line num="79" count="2" type="stmt"/>
      <line num="80" count="2" type="stmt"/>
      <line num="82" count="2" type="stmt"/>
      <line num="86" count="1" type="stmt"/>
      <line num="91" count="0" type="stmt"/>
      <line num="96" count="1" type="stmt"/>
      <line num="97" count="1" type="stmt"/>
      <line num="100" count="2" type="stmt"/>
      <line num="101" count="2" type="stmt"/>
      <line num="102" count="13" type="cond" truecount="1" falsecount="0"/>
      <line num="104" count="2" type="stmt"/>
      <line num="108" count="29" type="stmt"/>
      <line num="110" count="29" type="stmt"/>
      <line num="111" count="29" type="stmt"/>
      <line num="112" count="81" type="cond" truecount="1" falsecount="0"/>
      <line num="113" count="10" type="stmt"/>
      <line num="115" count="71" type="cond" truecount="3" falsecount="0"/>
      <line num="117" count="13" type="stmt"/>
      <line num="119" count="58" type="cond" truecount="1" falsecount="0"/>
      <line num="120" count="20" type="stmt"/>
      <line num="122" count="38" type="cond" truecount="3" falsecount="0"/>
      <line num="123" count="12" type="stmt"/>
      <line num="124" count="12" type="stmt"/>
      <line num="125" count="12" type="stmt"/>
      <line num="127" count="26" type="stmt"/>
      <line num="132" count="12" type="stmt"/>
      <line num="133" count="12" type="stmt"/>
      <line num="134" count="12" type="cond" truecount="0" falsecount="1"/>
      <line num="135" count="12" type="stmt"/>
      <line num="136" count="52" type="cond" truecount="1" falsecount="0"/>
      <line num="137" count="40" type="stmt"/>
      <line num="142" count="58" type="stmt"/>
      <line num="143" count="58" type="stmt"/>
      <line num="144" count="221" type="cond" truecount="1" falsecount="0"/>
      <line num="148" count="20" type="stmt"/>
      <line num="150" count="201" type="stmt"/>
      <line num="152" count="38" type="stmt"/>
      <line num="156" count="35" type="stmt"/>
      <line num="157" count="35" type="stmt"/>
      <line num="158" count="35" type="stmt"/>
      <line num="159" count="35" type="stmt"/>
      <line num="160" count="46" type="stmt"/>
      <line num="162" count="35" type="stmt"/>
      <line num="163" count="55" type="stmt"/>
      <line num="165" count="35" type="stmt"/>
      <line num="169" count="70" type="stmt"/>
      <line num="170" count="70" type="cond" truecount="2" falsecount="0"/>
      <line num="171" count="44" type="cond" truecount="1" falsecount="0"/>
      <line num="172" count="11" type="stmt"/>
      <line num="178" count="44" type="stmt"/>
      <line num="179" count="44" type="cond" truecount="1" falsecount="0"/>
      <line num="180" count="23" type="cond" truecount="2" falsecount="0"/>
      <line num="182" count="12" type="stmt"/>
      <line num="183" count="12" type="stmt"/>
      <line num="184" count="12" type="stmt"/>
      <line num="185" count="11" type="cond" truecount="1" falsecount="0"/>
      <line num="186" count="8" type="stmt"/>
      <line num="187" count="8" type="stmt"/>
      <line num="195" count="26" type="stmt"/>
      <line num="201" count="70" type="stmt"/>
      <line num="205" count="1" type="stmt"/>
    </file>
  </project>
</coverage>
