{"/Users/lmckechnie/projects/FortuneBrandsProject/src/Bucket.ts": {"path":"/Users/lmckechnie/projects/FortuneBrandsProject/src/Bucket.ts","statementMap":{"0":{"start":{"line":6,"column":13},"end":{"line":6,"column":25}},"1":{"start":{"line":7,"column":13},"end":{"line":7,"column":29}},"2":{"start":{"line":8,"column":13},"end":{"line":8,"column":25}},"3":{"start":{"line":12,"column":6},"end":{"line":12,"column":63}},"4":{"start":{"line":16,"column":6},"end":{"line":16,"column":null}},"5":{"start":{"line":21,"column":6},"end":{"line":21,"column":49}},"6":{"start":{"line":26,"column":6},"end":{"line":26,"column":57}},"7":{"start":{"line":31,"column":6},"end":{"line":31,"column":49}},"8":{"start":{"line":4,"column":2},"end":{"line":4,"column":15}}},"fnMap":{"0":{"name":"(anonymous_0)","decl":{"start":{"line":5,"column":4},"end":{"line":5,"column":null}},"loc":{"start":{"line":8,"column":25},"end":{"line":9,"column":8}}},"1":{"name":"(anonymous_1)","decl":{"start":{"line":11,"column":4},"end":{"line":11,"column":12}},"loc":{"start":{"line":11,"column":12},"end":{"line":13,"column":5}}},"2":{"name":"(anonymous_2)","decl":{"start":{"line":15,"column":4},"end":{"line":15,"column":10}},"loc":{"start":{"line":15,"column":24},"end":{"line":17,"column":5}}},"3":{"name":"(anonymous_3)","decl":{"start":{"line":20,"column":4},"end":{"line":20,"column":16}},"loc":{"start":{"line":20,"column":26},"end":{"line":22,"column":5}}},"4":{"name":"(anonymous_4)","decl":{"start":{"line":25,"column":4},"end":{"line":25,"column":8}},"loc":{"start":{"line":25,"column":8},"end":{"line":27,"column":5}}},"5":{"name":"(anonymous_5)","decl":{"start":{"line":30,"column":4},"end":{"line":30,"column":9}},"loc":{"start":{"line":30,"column":9},"end":{"line":32,"column":5}}}},"branchMap":{"0":{"loc":{"start":{"line":16,"column":13},"end":{"line":16,"column":101}},"type":"binary-expr","locations":[{"start":{"line":16,"column":13},"end":{"line":16,"column":37}},{"start":{"line":16,"column":41},"end":{"line":16,"column":73}},{"start":{"line":16,"column":77},"end":{"line":16,"column":101}}]}},"s":{"0":144,"1":144,"2":144,"3":10,"4":107,"5":24,"6":56,"7":60,"8":1},"f":{"0":144,"1":10,"2":107,"3":24,"4":56,"5":60},"b":{"0":[107,107,101]}}
,"/Users/lmckechnie/projects/FortuneBrandsProject/src/Move.ts": {"path":"/Users/lmckechnie/projects/FortuneBrandsProject/src/Move.ts","statementMap":{"0":{"start":{"line":7,"column":11},"end":{"line":7,"column":30}},"1":{"start":{"line":8,"column":11},"end":{"line":8,"column":26}},"2":{"start":{"line":9,"column":11},"end":{"line":9,"column":26}},"3":{"start":{"line":10,"column":11},"end":{"line":10,"column":26}},"4":{"start":{"line":11,"column":11},"end":{"line":11,"column":33}},"5":{"start":{"line":12,"column":11},"end":{"line":12,"column":30}},"6":{"start":{"line":16,"column":4},"end":{"line":16,"column":69}},"7":{"start":{"line":22,"column":4},"end":{"line":29,"column":6}},"8":{"start":{"line":33,"column":4},"end":{"line":41,"column":6}},"9":{"start":{"line":40,"column":37},"end":{"line":40,"column":67}},"10":{"start":{"line":45,"column":4},"end":{"line":50,"column":6}},"11":{"start":{"line":54,"column":17},"end":{"line":54,"column":26}},"12":{"start":{"line":55,"column":4},"end":{"line":57,"column":null}},"13":{"start":{"line":56,"column":6},"end":{"line":56,"column":20}},"14":{"start":{"line":58,"column":4},"end":{"line":58,"column":43}},"15":{"start":{"line":62,"column":4},"end":{"line":66,"column":null}},"16":{"start":{"line":63,"column":6},"end":{"line":63,"column":66}},"17":{"start":{"line":65,"column":6},"end":{"line":65,"column":66}},"18":{"start":{"line":70,"column":4},"end":{"line":73,"column":6}},"19":{"start":{"line":77,"column":4},"end":{"line":77,"column":46}},"20":{"start":{"line":77,"column":36},"end":{"line":77,"column":46}},"21":{"start":{"line":78,"column":17},"end":{"line":78,"column":21}},"22":{"start":{"line":79,"column":4},"end":{"line":81,"column":7}},"23":{"start":{"line":80,"column":6},"end":{"line":80,"column":33}},"24":{"start":{"line":82,"column":4},"end":{"line":82,"column":18}},"25":{"start":{"line":86,"column":4},"end":{"line":92,"column":6}},"26":{"start":{"line":91,"column":45},"end":{"line":91,"column":59}},"27":{"start":{"line":96,"column":4},"end":{"line":96,"column":35}},"28":{"start":{"line":97,"column":4},"end":{"line":97,"column":31}},"29":{"start":{"line":100,"column":19},"end":{"line":100,"column":23}},"30":{"start":{"line":101,"column":4},"end":{"line":103,"column":7}},"31":{"start":{"line":102,"column":6},"end":{"line":102,"column":68}},"32":{"start":{"line":102,"column":52},"end":{"line":102,"column":68}},"33":{"start":{"line":104,"column":4},"end":{"line":104,"column":20}},"34":{"start":{"line":108,"column":17},"end":{"line":108,"column":19}},"35":{"start":{"line":110,"column":4},"end":{"line":110,"column":40}},"36":{"start":{"line":111,"column":4},"end":{"line":128,"column":7}},"37":{"start":{"line":112,"column":6},"end":{"line":114,"column":null}},"38":{"start":{"line":113,"column":8},"end":{"line":113,"column":15}},"39":{"start":{"line":115,"column":6},"end":{"line":118,"column":null}},"40":{"start":{"line":117,"column":8},"end":{"line":117,"column":15}},"41":{"start":{"line":119,"column":6},"end":{"line":121,"column":null}},"42":{"start":{"line":120,"column":8},"end":{"line":120,"column":15}},"43":{"start":{"line":122,"column":6},"end":{"line":126,"column":null}},"44":{"start":{"line":123,"column":8},"end":{"line":123,"column":41}},"45":{"start":{"line":124,"column":8},"end":{"line":124,"column":48}},"46":{"start":{"line":125,"column":8},"end":{"line":125,"column":15}},"47":{"start":{"line":127,"column":6},"end":{"line":127,"column":35}},"48":{"start":{"line":132,"column":17},"end":{"line":132,"column":28}},"49":{"start":{"line":133,"column":4},"end":{"line":133,"column":29}},"50":{"start":{"line":134,"column":4},"end":{"line":134,"column":37}},"51":{"start":{"line":134,"column":25},"end":{"line":134,"column":37}},"52":{"start":{"line":135,"column":4},"end":{"line":138,"column":null}},"53":{"start":{"line":136,"column":6},"end":{"line":136,"column":48}},"54":{"start":{"line":136,"column":34},"end":{"line":136,"column":48}},"55":{"start":{"line":137,"column":6},"end":{"line":137,"column":52}},"56":{"start":{"line":142,"column":17},"end":{"line":142,"column":28}},"57":{"start":{"line":143,"column":4},"end":{"line":151,"column":null}},"58":{"start":{"line":144,"column":6},"end":{"line":149,"column":null}},"59":{"start":{"line":148,"column":8},"end":{"line":148,"column":20}},"60":{"start":{"line":150,"column":6},"end":{"line":150,"column":29}},"61":{"start":{"line":152,"column":4},"end":{"line":152,"column":17}},"62":{"start":{"line":156,"column":17},"end":{"line":156,"column":19}},"63":{"start":{"line":157,"column":17},"end":{"line":157,"column":68}},"64":{"start":{"line":158,"column":17},"end":{"line":158,"column":68}},"65":{"start":{"line":159,"column":4},"end":{"line":161,"column":7}},"66":{"start":{"line":160,"column":6},"end":{"line":160,"column":62}},"67":{"start":{"line":162,"column":4},"end":{"line":164,"column":7}},"68":{"start":{"line":163,"column":6},"end":{"line":163,"column":62}},"69":{"start":{"line":165,"column":4},"end":{"line":165,"column":18}},"70":{"start":{"line":169,"column":17},"end":{"line":169,"column":19}},"71":{"start":{"line":170,"column":4},"end":{"line":200,"column":null}},"72":{"start":{"line":171,"column":6},"end":{"line":177,"column":null}},"73":{"start":{"line":172,"column":8},"end":{"line":176,"column":11}},"74":{"start":{"line":178,"column":6},"end":{"line":178,"column":78}},"75":{"start":{"line":179,"column":6},"end":{"line":193,"column":null}},"76":{"start":{"line":180,"column":8},"end":{"line":192,"column":null}},"77":{"start":{"line":182,"column":12},"end":{"line":182,"column":64}},"78":{"start":{"line":183,"column":20},"end":{"line":183,"column":122}},"79":{"start":{"line":184,"column":10},"end":{"line":184,"column":80}},"80":{"start":{"line":185,"column":15},"end":{"line":192,"column":null}},"81":{"start":{"line":186,"column":28},"end":{"line":186,"column":63}},"82":{"start":{"line":187,"column":10},"end":{"line":191,"column":13}},"83":{"start":{"line":195,"column":6},"end":{"line":199,"column":9}},"84":{"start":{"line":201,"column":4},"end":{"line":201,"column":18}},"85":{"start":{"line":3,"column":0},"end":{"line":3,"column":13}},"86":{"start":{"line":5,"column":9},"end":{"line":5,"column":42}},"87":{"start":{"line":205,"column":0},"end":{"line":205,"column":24}}},"fnMap":{"0":{"name":"(anonymous_0)","decl":{"start":{"line":6,"column":2},"end":{"line":6,"column":null}},"loc":{"start":{"line":12,"column":42},"end":{"line":13,"column":6}}},"1":{"name":"(anonymous_1)","decl":{"start":{"line":15,"column":2},"end":{"line":15,"column":8}},"loc":{"start":{"line":15,"column":53},"end":{"line":17,"column":3}}},"2":{"name":"(anonymous_2)","decl":{"start":{"line":21,"column":2},"end":{"line":21,"column":14}},"loc":{"start":{"line":21,"column":31},"end":{"line":30,"column":3}}},"3":{"name":"(anonymous_3)","decl":{"start":{"line":32,"column":2},"end":{"line":32,"column":8}},"loc":{"start":{"line":32,"column":20},"end":{"line":42,"column":3}}},"4":{"name":"(anonymous_4)","decl":{"start":{"line":40,"column":26},"end":{"line":40,"column":27}},"loc":{"start":{"line":40,"column":37},"end":{"line":40,"column":67}}},"5":{"name":"(anonymous_5)","decl":{"start":{"line":44,"column":2},"end":{"line":44,"column":15}},"loc":{"start":{"line":44,"column":27},"end":{"line":51,"column":3}}},"6":{"name":"(anonymous_6)","decl":{"start":{"line":53,"column":2},"end":{"line":53,"column":8}},"loc":{"start":{"line":53,"column":26},"end":{"line":59,"column":3}}},"7":{"name":"(anonymous_7)","decl":{"start":{"line":61,"column":2},"end":{"line":61,"column":21}},"loc":{"start":{"line":61,"column":63},"end":{"line":67,"column":3}}},"8":{"name":"(anonymous_8)","decl":{"start":{"line":69,"column":2},"end":{"line":69,"column":10}},"loc":{"start":{"line":69,"column":10},"end":{"line":74,"column":3}}},"9":{"name":"(anonymous_9)","decl":{"start":{"line":76,"column":2},"end":{"line":76,"column":14}},"loc":{"start":{"line":76,"column":14},"end":{"line":83,"column":3}}},"10":{"name":"(anonymous_10)","decl":{"start":{"line":79,"column":26},"end":{"line":79,"column":27}},"loc":{"start":{"line":79,"column":36},"end":{"line":81,"column":5}}},"11":{"name":"(anonymous_11)","decl":{"start":{"line":85,"column":2},"end":{"line":85,"column":8}},"loc":{"start":{"line":85,"column":8},"end":{"line":93,"column":3}}},"12":{"name":"(anonymous_12)","decl":{"start":{"line":91,"column":34},"end":{"line":91,"column":35}},"loc":{"start":{"line":91,"column":45},"end":{"line":91,"column":59}}},"13":{"name":"(anonymous_13)","decl":{"start":{"line":95,"column":2},"end":{"line":95,"column":18}},"loc":{"start":{"line":95,"column":33},"end":{"line":98,"column":3}}},"14":{"name":"(anonymous_14)","decl":{"start":{"line":99,"column":2},"end":{"line":99,"column":14}},"loc":{"start":{"line":99,"column":14},"end":{"line":105,"column":3}}},"15":{"name":"(anonymous_15)","decl":{"start":{"line":101,"column":27},"end":{"line":101,"column":28}},"loc":{"start":{"line":101,"column":36},"end":{"line":103,"column":5}}},"16":{"name":"(anonymous_16)","decl":{"start":{"line":107,"column":2},"end":{"line":107,"column":19}},"loc":{"start":{"line":107,"column":34},"end":{"line":129,"column":3}}},"17":{"name":"(anonymous_17)","decl":{"start":{"line":111,"column":26},"end":{"line":111,"column":27}},"loc":{"start":{"line":111,"column":33},"end":{"line":128,"column":5}}},"18":{"name":"(anonymous_18)","decl":{"start":{"line":131,"column":2},"end":{"line":131,"column":15}},"loc":{"start":{"line":131,"column":15},"end":{"line":139,"column":3}}},"19":{"name":"(anonymous_19)","decl":{"start":{"line":141,"column":2},"end":{"line":141,"column":21}},"loc":{"start":{"line":141,"column":21},"end":{"line":153,"column":3}}},"20":{"name":"(anonymous_20)","decl":{"start":{"line":155,"column":2},"end":{"line":155,"column":14}},"loc":{"start":{"line":155,"column":14},"end":{"line":166,"column":3}}},"21":{"name":"(anonymous_21)","decl":{"start":{"line":159,"column":19},"end":{"line":159,"column":20}},"loc":{"start":{"line":159,"column":25},"end":{"line":161,"column":5}}},"22":{"name":"(anonymous_22)","decl":{"start":{"line":162,"column":19},"end":{"line":162,"column":20}},"loc":{"start":{"line":162,"column":25},"end":{"line":164,"column":5}}},"23":{"name":"(anonymous_23)","decl":{"start":{"line":168,"column":2},"end":{"line":168,"column":20}},"loc":{"start":{"line":168,"column":53},"end":{"line":202,"column":3}}}},"branchMap":{"0":{"loc":{"start":{"line":7,"column":11},"end":{"line":7,"column":31}},"type":"default-arg","locations":[{"start":{"line":7,"column":30},"end":{"line":7,"column":31}}]},"1":{"loc":{"start":{"line":8,"column":11},"end":{"line":8,"column":30}},"type":"default-arg","locations":[{"start":{"line":8,"column":26},"end":{"line":8,"column":30}}]},"2":{"loc":{"start":{"line":11,"column":11},"end":{"line":11,"column":35}},"type":"default-arg","locations":[{"start":{"line":11,"column":33},"end":{"line":11,"column":35}}]},"3":{"loc":{"start":{"line":12,"column":11},"end":{"line":12,"column":42}},"type":"default-arg","locations":[{"start":{"line":12,"column":30},"end":{"line":12,"column":42}}]},"4":{"loc":{"start":{"line":34,"column":6},"end":{"line":40,"column":68}},"type":"binary-expr","locations":[{"start":{"line":34,"column":6},"end":{"line":34,"column":38}},{"start":{"line":35,"column":8},"end":{"line":35,"column":28}},{"start":{"line":35,"column":32},"end":{"line":35,"column":53}},{"start":{"line":36,"column":8},"end":{"line":36,"column":40}},{"start":{"line":37,"column":6},"end":{"line":37,"column":40}},{"start":{"line":38,"column":6},"end":{"line":38,"column":40}},{"start":{"line":39,"column":6},"end":{"line":39,"column":44}},{"start":{"line":40,"column":6},"end":{"line":40,"column":68}}]},"5":{"loc":{"start":{"line":46,"column":6},"end":{"line":49,"column":44}},"type":"binary-expr","locations":[{"start":{"line":46,"column":6},"end":{"line":46,"column":38}},{"start":{"line":47,"column":6},"end":{"line":47,"column":40}},{"start":{"line":48,"column":6},"end":{"line":48,"column":40}},{"start":{"line":49,"column":6},"end":{"line":49,"column":44}}]},"6":{"loc":{"start":{"line":53,"column":9},"end":{"line":53,"column":26}},"type":"default-arg","locations":[{"start":{"line":53,"column":25},"end":{"line":53,"column":26}}]},"7":{"loc":{"start":{"line":55,"column":4},"end":{"line":57,"column":null}},"type":"if","locations":[{"start":{"line":55,"column":4},"end":{"line":57,"column":null}}]},"8":{"loc":{"start":{"line":62,"column":4},"end":{"line":66,"column":null}},"type":"if","locations":[{"start":{"line":62,"column":4},"end":{"line":66,"column":null}},{"start":{"line":64,"column":11},"end":{"line":66,"column":null}}]},"9":{"loc":{"start":{"line":77,"column":4},"end":{"line":77,"column":46}},"type":"if","locations":[{"start":{"line":77,"column":4},"end":{"line":77,"column":46}}]},"10":{"loc":{"start":{"line":102,"column":6},"end":{"line":102,"column":68}},"type":"if","locations":[{"start":{"line":102,"column":6},"end":{"line":102,"column":68}}]},"11":{"loc":{"start":{"line":112,"column":6},"end":{"line":114,"column":null}},"type":"if","locations":[{"start":{"line":112,"column":6},"end":{"line":114,"column":null}}]},"12":{"loc":{"start":{"line":115,"column":6},"end":{"line":118,"column":null}},"type":"if","locations":[{"start":{"line":115,"column":6},"end":{"line":118,"column":null}}]},"13":{"loc":{"start":{"line":115,"column":10},"end":{"line":115,"column":64}},"type":"binary-expr","locations":[{"start":{"line":115,"column":10},"end":{"line":115,"column":35}},{"start":{"line":115,"column":39},"end":{"line":115,"column":64}}]},"14":{"loc":{"start":{"line":119,"column":6},"end":{"line":121,"column":null}},"type":"if","locations":[{"start":{"line":119,"column":6},"end":{"line":121,"column":null}}]},"15":{"loc":{"start":{"line":122,"column":6},"end":{"line":126,"column":null}},"type":"if","locations":[{"start":{"line":122,"column":6},"end":{"line":126,"column":null}}]},"16":{"loc":{"start":{"line":122,"column":10},"end":{"line":122,"column":74}},"type":"binary-expr","locations":[{"start":{"line":122,"column":10},"end":{"line":122,"column":40}},{"start":{"line":122,"column":44},"end":{"line":122,"column":74}}]},"17":{"loc":{"start":{"line":134,"column":4},"end":{"line":134,"column":37}},"type":"if","locations":[{"start":{"line":134,"column":4},"end":{"line":134,"column":37}}]},"18":{"loc":{"start":{"line":136,"column":6},"end":{"line":136,"column":48}},"type":"if","locations":[{"start":{"line":136,"column":6},"end":{"line":136,"column":48}}]},"19":{"loc":{"start":{"line":144,"column":6},"end":{"line":149,"column":null}},"type":"if","locations":[{"start":{"line":144,"column":6},"end":{"line":149,"column":null}}]},"20":{"loc":{"start":{"line":145,"column":8},"end":{"line":146,"column":57}},"type":"binary-expr","locations":[{"start":{"line":145,"column":8},"end":{"line":145,"column":57}},{"start":{"line":146,"column":8},"end":{"line":146,"column":57}}]},"21":{"loc":{"start":{"line":170,"column":4},"end":{"line":200,"column":null}},"type":"if","locations":[{"start":{"line":170,"column":4},"end":{"line":200,"column":null}},{"start":{"line":194,"column":11},"end":{"line":200,"column":null}}]},"22":{"loc":{"start":{"line":171,"column":6},"end":{"line":177,"column":null}},"type":"if","locations":[{"start":{"line":171,"column":6},"end":{"line":177,"column":null}}]},"23":{"loc":{"start":{"line":179,"column":6},"end":{"line":193,"column":null}},"type":"if","locations":[{"start":{"line":179,"column":6},"end":{"line":193,"column":null}}]},"24":{"loc":{"start":{"line":180,"column":8},"end":{"line":192,"column":null}},"type":"if","locations":[{"start":{"line":180,"column":8},"end":{"line":192,"column":null}},{"start":{"line":185,"column":15},"end":{"line":192,"column":null}}]},"25":{"loc":{"start":{"line":185,"column":15},"end":{"line":192,"column":null}},"type":"if","locations":[{"start":{"line":185,"column":15},"end":{"line":192,"column":null}}]}},"s":{"0":162,"1":162,"2":162,"3":162,"4":162,"5":162,"6":1,"7":40,"8":54,"9":42,"10":2,"11":67,"12":67,"13":14,"14":53,"15":103,"16":47,"17":56,"18":5,"19":5,"20":3,"21":2,"22":2,"23":2,"24":2,"25":1,"26":0,"27":1,"28":1,"29":2,"30":2,"31":13,"32":4,"33":2,"34":29,"35":29,"36":29,"37":81,"38":10,"39":71,"40":13,"41":58,"42":20,"43":38,"44":12,"45":12,"46":12,"47":26,"48":12,"49":12,"50":12,"51":0,"52":12,"53":52,"54":12,"55":40,"56":58,"57":58,"58":221,"59":20,"60":201,"61":38,"62":35,"63":35,"64":35,"65":35,"66":46,"67":35,"68":55,"69":35,"70":70,"71":70,"72":44,"73":11,"74":44,"75":44,"76":23,"77":12,"78":12,"79":12,"80":11,"81":8,"82":8,"83":26,"84":70,"85":1,"86":1,"87":1},"f":{"0":162,"1":1,"2":40,"3":54,"4":42,"5":2,"6":67,"7":103,"8":5,"9":5,"10":2,"11":1,"12":0,"13":1,"14":2,"15":13,"16":29,"17":81,"18":12,"19":58,"20":35,"21":46,"22":55,"23":70},"b":{"0":[0],"1":[0],"2":[0],"3":[121],"4":[54,54,12,42,54,49,48,48],"5":[2,2,2,2],"6":[14],"7":[14],"8":[47,56],"9":[3],"10":[4],"11":[10],"12":[13],"13":[71,33],"14":[20],"15":[12],"16":[38,37],"17":[0],"18":[12],"19":[20],"20":[221,105],"21":[44,26],"22":[11],"23":[23],"24":[12,11],"25":[8]}}
}
