TN:
SF:src/Bucket.ts
FN:5,(anonymous_0)
FN:11,(anonymous_1)
FN:15,(anonymous_2)
FN:20,(anonymous_3)
FN:25,(anonymous_4)
FN:30,(anonymous_5)
FNF:6
FNH:6
FNDA:144,(anonymous_0)
FNDA:10,(anonymous_1)
FNDA:107,(anonymous_2)
FNDA:24,(anonymous_3)
FNDA:56,(anonymous_4)
FNDA:60,(anonymous_5)
DA:4,1
DA:6,144
DA:7,144
DA:8,144
DA:12,10
DA:16,107
DA:21,24
DA:26,56
DA:31,60
LF:9
LH:9
BRDA:16,0,0,107
BRDA:16,0,1,107
BRDA:16,0,2,101
BRF:3
BRH:3
end_of_record
TN:
SF:src/Move.ts
FN:6,(anonymous_0)
FN:15,(anonymous_1)
FN:21,(anonymous_2)
FN:32,(anonymous_3)
FN:40,(anonymous_4)
FN:44,(anonymous_5)
FN:53,(anonymous_6)
FN:61,(anonymous_7)
FN:69,(anonymous_8)
FN:76,(anonymous_9)
FN:79,(anonymous_10)
FN:85,(anonymous_11)
FN:91,(anonymous_12)
FN:95,(anonymous_13)
FN:99,(anonymous_14)
FN:101,(anonymous_15)
FN:107,(anonymous_16)
FN:111,(anonymous_17)
FN:131,(anonymous_18)
FN:141,(anonymous_19)
FN:155,(anonymous_20)
FN:159,(anonymous_21)
FN:162,(anonymous_22)
FN:168,(anonymous_23)
FNF:24
FNH:23
FNDA:162,(anonymous_0)
FNDA:1,(anonymous_1)
FNDA:40,(anonymous_2)
FNDA:54,(anonymous_3)
FNDA:42,(anonymous_4)
FNDA:2,(anonymous_5)
FNDA:67,(anonymous_6)
FNDA:103,(anonymous_7)
FNDA:5,(anonymous_8)
FNDA:5,(anonymous_9)
FNDA:2,(anonymous_10)
FNDA:1,(anonymous_11)
FNDA:0,(anonymous_12)
FNDA:1,(anonymous_13)
FNDA:2,(anonymous_14)
FNDA:13,(anonymous_15)
FNDA:29,(anonymous_16)
FNDA:81,(anonymous_17)
FNDA:12,(anonymous_18)
FNDA:58,(anonymous_19)
FNDA:35,(anonymous_20)
FNDA:46,(anonymous_21)
FNDA:55,(anonymous_22)
FNDA:70,(anonymous_23)
DA:3,1
DA:5,1
DA:7,162
DA:8,162
DA:9,162
DA:10,162
DA:11,162
DA:12,162
DA:16,1
DA:22,40
DA:33,54
DA:40,42
DA:45,2
DA:54,67
DA:55,67
DA:56,14
DA:58,53
DA:62,103
DA:63,47
DA:65,56
DA:70,5
DA:77,5
DA:78,2
DA:79,2
DA:80,2
DA:82,2
DA:86,1
DA:91,0
DA:96,1
DA:97,1
DA:100,2
DA:101,2
DA:102,13
DA:104,2
DA:108,29
DA:110,29
DA:111,29
DA:112,81
DA:113,10
DA:115,71
DA:117,13
DA:119,58
DA:120,20
DA:122,38
DA:123,12
DA:124,12
DA:125,12
DA:127,26
DA:132,12
DA:133,12
DA:134,12
DA:135,12
DA:136,52
DA:137,40
DA:142,58
DA:143,58
DA:144,221
DA:148,20
DA:150,201
DA:152,38
DA:156,35
DA:157,35
DA:158,35
DA:159,35
DA:160,46
DA:162,35
DA:163,55
DA:165,35
DA:169,70
DA:170,70
DA:171,44
DA:172,11
DA:178,44
DA:179,44
DA:180,23
DA:182,12
DA:183,12
DA:184,12
DA:185,11
DA:186,8
DA:187,8
DA:195,26
DA:201,70
DA:205,1
LF:84
LH:83
BRDA:7,0,0,0
BRDA:8,1,0,0
BRDA:11,2,0,0
BRDA:12,3,0,121
BRDA:34,4,0,54
BRDA:34,4,1,54
BRDA:34,4,2,12
BRDA:34,4,3,42
BRDA:34,4,4,54
BRDA:34,4,5,49
BRDA:34,4,6,48
BRDA:34,4,7,48
BRDA:46,5,0,2
BRDA:46,5,1,2
BRDA:46,5,2,2
BRDA:46,5,3,2
BRDA:53,6,0,14
BRDA:55,7,0,14
BRDA:62,8,0,47
BRDA:62,8,1,56
BRDA:77,9,0,3
BRDA:102,10,0,4
BRDA:112,11,0,10
BRDA:115,12,0,13
BRDA:115,13,0,71
BRDA:115,13,1,33
BRDA:119,14,0,20
BRDA:122,15,0,12
BRDA:122,16,0,38
BRDA:122,16,1,37
BRDA:134,17,0,0
BRDA:136,18,0,12
BRDA:144,19,0,20
BRDA:145,20,0,221
BRDA:145,20,1,105
BRDA:170,21,0,44
BRDA:170,21,1,26
BRDA:171,22,0,11
BRDA:179,23,0,23
BRDA:180,24,0,12
BRDA:180,24,1,11
BRDA:185,25,0,8
BRF:42
BRH:38
end_of_record
